> Task :app:preBuild UP-TO-DATE
> Task :app:preDebugBuild UP-TO-DATE
> Task :app:mergeDebugNativeDebugMetadata NO-SOURCE
> Task :app:checkKotlinGradlePluginConfigurationErrors SKIPPED
> Task :app:checkDebugAarMetadata UP-TO-DATE
> Task :app:generateDebugResValues UP-TO-DATE
> Task :app:mapDebugSourceSetPaths UP-TO-DATE
> Task :app:generateDebugResources UP-TO-DATE
> Task :app:mergeDebugResources UP-TO-DATE
> Task :app:packageDebugResources UP-TO-DATE
> Task :app:parseDebugLocalResources UP-TO-DATE
> Task :app:createDebugCompatibleScreenManifests UP-TO-DATE
> Task :app:extractDeepLinksDebug UP-TO-DATE
> Task :app:processDebugMainManifest UP-TO-DATE
> Task :app:processDebugManifest UP-TO-DATE
> Task :app:processDebugManifestForPackage UP-TO-DATE
> Task :app:processDebugResources UP-TO-DATE
> Task :app:javaPreCompileDebug UP-TO-DATE
> Task :app:mergeDebugShaders UP-TO-DATE
> Task :app:compileDebugShaders NO-SOURCE
> Task :app:generateDebugAssets UP-TO-DATE
> Task :app:mergeDebugAssets UP-TO-DATE
> Task :app:compressDebugAssets UP-TO-DATE
> Task :app:desugarDebugFileDependencies UP-TO-DATE
> Task :app:checkDebugDuplicateClasses UP-TO-DATE
> Task :app:mergeDebugStartupProfile UP-TO-DATE
> Task :app:mergeExtDexDebug UP-TO-DATE
> Task :app:mergeLibDexDebug UP-TO-DATE
> Task :app:mergeDebugJniLibFolders UP-TO-DATE
> Task :app:mergeDebugNativeLibs UP-TO-DATE
> Task :app:stripDebugDebugSymbols UP-TO-DATE
> Task :app:validateSigningDebug UP-TO-DATE
> Task :app:writeDebugAppMetadata UP-TO-DATE
> Task :app:writeDebugSigningConfigVersions UP-TO-DATE
> Task :app:kspDebugKotlin

> Task :app:compileDebugKotlin
w: file:///D:/Smaran/alertyai_android/app/src/main/java/com/alertyai/app/ui/teams/TeamChatScreen.kt:94:86 'val Icons.Filled.ArrowBack: ImageVector' is deprecated. Use the AutoMirrored version at Icons.AutoMirrored.Filled.ArrowBack.
w: file:///D:/Smaran/alertyai_android/app/src/main/java/com/alertyai/app/ui/teams/TeamChatScreen.kt:235:48 'val Icons.Filled.Assignment: ImageVector' is deprecated. Use the AutoMirrored version at Icons.AutoMirrored.Filled.Assignment.
w: file:///D:/Smaran/alertyai_android/app/src/main/java/com/alertyai/app/ui/teams/TeamChatScreen.kt:248:44 'val Icons.Filled.Send: ImageVector' is deprecated. Use the AutoMirrored version at Icons.AutoMirrored.Filled.Send.

> Task :app:compileDebugJavaWithJavac
> Task :app:hiltAggregateDepsDebug UP-TO-DATE
> Task :app:hiltJavaCompileDebug
> Task :app:processDebugJavaRes UP-TO-DATE
> Task :app:mergeDebugJavaResource UP-TO-DATE
> Task :app:transformDebugClassesWithAsm
> Task :app:dexBuilderDebug
> Task :app:mergeDebugGlobalSynthetics UP-TO-DATE
> Task :app:mergeProjectDexDebug
> Task :app:packageDebug
> Task :app:createDebugApkListingFileRedirect
> Task :app:assembleDebug

BUILD SUCCESSFUL in 14s
41 actionable tasks: 9 executed, 32 up-to-date
Consider enabling configuration cache to speed up this build: https://docs.gradle.org/9.0.0/userguide/configuration_cache_enabling.html
